\BOOKMARK [0][-]{chapter*.1}{\376\377\144\130\211\201}{}% 1
\BOOKMARK [0][-]{chapter*.2}{Abstract}{}% 2
\BOOKMARK [0][-]{chapter*.3}{\376\377\201\364\213\035}{}% 3
\BOOKMARK [0][-]{chapter.1}{\376\377\122\115\212\000}{}% 4
\BOOKMARK [1][-]{section.1.1}{\376\377\170\024\172\166\122\325\152\137}{chapter.1}% 5
\BOOKMARK [1][-]{section.1.2}{\376\377\170\024\172\166\166\356\166\204}{chapter.1}% 6
\BOOKMARK [1][-]{section.1.3}{\376\377\142\200\210\123\212\252\146\016}{chapter.1}% 7
\BOOKMARK [1][-]{section.1.4}{\376\377\147\052\117\206\134\125\147\033}{chapter.1}% 8
\BOOKMARK [0][-]{chapter.2}{\376\377\175\262\226\233\121\147\133\271\131\202\117\125\143\320\123\107\145\131\133\170\202\007\170\024\172\166\141\311\165\050}{}% 9
\BOOKMARK [1][-]{section.2.1}{\376\377\214\273\146\374\133\170\177\322\154\325}{chapter.2}% 10
\BOOKMARK [2][-]{subsection.2.1.1}{\376\377\137\236\214\273\146\374\133\170\177\322\154\325\166\204\211\322\136\246\211\300\167\013}{section.2.1}% 11
\BOOKMARK [2][-]{subsection.2.1.2}{\376\377\214\273\146\374\133\170\177\322\154\325\166\204\170\024\172\166\142\020\145\110}{section.2.1}% 12
\BOOKMARK [1][-]{section.2.2}{\376\377\145\170\117\115\123\026\133\170\177\322\164\260\130\203}{chapter.2}% 13
\BOOKMARK [2][-]{subsection.2.2.1}{\376\377\131\202\117\125\212\055\212\010\121\372\145\131\133\170\164\260\130\203}{section.2.2}% 14
\BOOKMARK [1][-]{section.2.3}{\376\377\145\170\117\115\145\131\200\262\214\307\156\220\166\204\133\346\232\324\122\237\200\375}{chapter.2}% 15
\BOOKMARK [1][-]{section.2.4}{\376\377\220\113\165\050\175\262\226\233\175\262\215\357\143\320\123\107\170\024\172\166\145\110\166\312}{chapter.2}% 16
\BOOKMARK [1][-]{section.2.5}{\376\377\127\013\121\147\131\026\166\204\145\131\133\170\133\346\216\020\202\007\170\024\172\166}{chapter.2}% 17
\BOOKMARK [2][-]{subsection.2.5.1}{\376\377\127\372\171\016\170\024\172\166\212\010\165\153\116\113\145\110\166\312}{section.2.5}% 18
\BOOKMARK [2][-]{subsection.2.5.2}{\376\377\000M\000S\000I\000T\127\372\171\016\170\024\172\166\220\217\217\057\147\266\151\313}{section.2.5}% 19
\BOOKMARK [2][-]{subsection.2.5.3}{\376\377\000J\000S\000P\000S\127\372\171\016\170\024\172\166\211\217\122\203}{section.2.5}% 20
\BOOKMARK [2][-]{subsection.2.5.4}{\376\377\000E\000R\000C\210\334\122\251\212\010\165\153}{section.2.5}% 21
\BOOKMARK [1][-]{section.2.6}{\376\377\175\262\226\233\175\262\215\357\000-\220\140\215\335\145\260\215\250\122\342}{chapter.2}% 22
\BOOKMARK [1][-]{section.2.7}{\376\377\220\113\117\134\145\271\137\017}{chapter.2}% 23
\BOOKMARK [0][-]{chapter.3}{\376\377\122\006\145\143\137\017\174\373\175\161}{}% 24
\BOOKMARK [1][-]{section.3.1}{\376\377\122\006\145\143\137\017\174\373\175\161\166\204\127\372\147\054\147\266\151\313}{chapter.3}% 25
\BOOKMARK [1][-]{section.3.2}{\376\377\162\110\147\054\143\247\122\066}{chapter.3}% 26
\BOOKMARK [1][-]{section.3.3}{\376\377\116\213\116\366\166\204\143\222\136\217\125\117\230\114}{chapter.3}% 27
\BOOKMARK [0][-]{chapter.4}{\376\377\117\072\147\015\126\150\147\266\151\313}{}% 28
\BOOKMARK [1][-]{section.4.1}{\376\377\000W\000i\000n\000d\000o\000w\000s\000\040\164\260\130\203\221\115\177\156}{chapter.4}% 29
\BOOKMARK [1][-]{section.4.2}{Fossil\040SCM}{chapter.4}% 30
\BOOKMARK [2][-]{subsection.4.2.1}{\376\377\162\171\202\162}{section.4.2}% 31
\BOOKMARK [2][-]{subsection.4.2.2}{\376\377\122\237\200\375}{section.4.2}% 32
\BOOKMARK [2][-]{subsection.4.2.3}{\376\377\000F\000o\000s\000s\000i\000l\000\040\144\315\117\134\174\041\116\313}{section.4.2}% 33
\BOOKMARK [1][-]{section.4.3}{Stunnel}{chapter.4}% 34
\BOOKMARK [2][-]{subsection.4.3.1}{\376\377\122\237\200\375}{section.4.3}% 35
\BOOKMARK [2][-]{subsection.4.3.2}{\376\377\160\272\117\125\211\201\117\177\165\050\000S\000t\000u\000n\000n\000e\000l\000?}{section.4.3}% 36
\BOOKMARK [2][-]{subsection.4.3.3}{\376\377\212\055\133\232\144\315\117\134}{section.4.3}% 37
\BOOKMARK [2][-]{subsection.4.3.4}{\376\377\214\240\217\011\136\163\210\141}{section.4.3}% 38
\BOOKMARK [1][-]{section.4.4}{Nginx}{chapter.4}% 39
\BOOKMARK [2][-]{subsection.4.4.1}{\376\377\212\055\133\232\144\315\117\134}{section.4.4}% 40
\BOOKMARK [2][-]{subsection.4.4.2}{\376\377\214\240\217\011\136\163\210\141}{section.4.4}% 41
\BOOKMARK [2][-]{subsection.4.4.3}{\376\377\122\006\221\115\153\012\221\315\000\040\000w\000e\000i\000g\000h\000t}{section.4.4}% 42
\BOOKMARK [2][-]{subsection.4.4.4}{\376\377\120\231\116\375\000\040\000b\000a\000c\000k\000u\000p}{section.4.4}% 43
\BOOKMARK [1][-]{section.4.5}{Nssm}{chapter.4}% 44
\BOOKMARK [2][-]{subsection.4.5.1}{\376\377\144\315\117\134\212\055\133\232}{section.4.5}% 45
\BOOKMARK [1][-]{section.4.6}{Let's\040Encrypt}{chapter.4}% 46
\BOOKMARK [2][-]{subsection.4.6.1}{Certbot}{section.4.6}% 47
\BOOKMARK [2][-]{subsection.4.6.2}{\376\377\000L\000e\000t\040\031\000s\000\040\000E\000n\000c\000r\000y\000p\000t\166\204\127\372\147\054\123\237\122\107}{section.4.6}% 48
\BOOKMARK [2][-]{subsection.4.6.3}{\376\377\000H\000t\000t\000p\000s\155\101\172\013}{section.4.6}% 49
\BOOKMARK [0][-]{chapter.5}{Oauth}{}% 50
\BOOKMARK [1][-]{section.5.1}{Google\040Oauth\0402.0}{chapter.5}% 51
\BOOKMARK [0][-]{chapter.6}{\376\377\176\075\175\120}{}% 52
\BOOKMARK [0][-]{chapter.7}{\376\377\147\052\117\206\211\217\122\203\123\312\166\356\152\031}{}% 53
\BOOKMARK [0][-]{chapter*.6}{\376\377\123\303\200\003\145\207\163\173}{}% 54
\BOOKMARK [0][-]{chapter*.7}{\376\377\226\104\223\004}{}% 55
\BOOKMARK [0][-]{chapter*.8}{\376\377\117\134\200\005\174\041\116\313}{}% 56
